npm ERR! code EPERM
npm ERR! syscall unlink
npm ERR! path C:\work\IDE\Git\20_work\git_local\vuejs_test\vuejs_test\node_modules\.staging\faye-websocket-7e2050b2\README.md
npm ERR! errno -4048
npm ERR! Error: EPERM: operation not permitted, unlink 'C:\work\IDE\Git\20_work\git_local\vuejs_test\vuejs_test\node_modules\.staging\faye-websocket-7e2050b2\README.md'
npm ERR!  [OperationalError: EPERM: operation not permitted, unlink 'C:\work\IDE\Git\20_work\git_local\vuejs_test\vuejs_test\node_modules\.staging\faye-websocket-7e2050b2\README.md'] {
npm ERR!   cause: [Error: EPERM: operation not permitted, unlink 'C:\work\IDE\Git\20_work\git_local\vuejs_test\vuejs_test\node_modules\.staging\faye-websocket-7e2050b2\README.md'] {
npm ERR!     errno: -4048,
npm ERR!     code: 'EPERM',
npm ERR!     syscall: 'unlink',
npm ERR!     path: 'C:\\work\\IDE\\Git\\20_work\\git_local\\vuejs_test\\vuejs_test\\node_modules\\.staging\\faye-websocket-7e2050b2\\README.md'
npm ERR!   },
npm ERR!   stack: "Error: EPERM: operation not permitted, unlink 'C:\\work\\IDE\\Git\\20_work\\git_local\\vuejs_test\\vuejs_test\\node_modules\\.staging\\faye-websocket-7e2050b2\\README.md'",
npm ERR!   errno: -4048,
npm ERR!   code: 'EPERM',
npm ERR!   syscall: 'unlink',
npm ERR!   path: 'C:\\work\\IDE\\Git\\20_work\\git_local\\vuejs_test\\vuejs_test\\node_modules\\.staging\\faye-websocket-7e2050b2\\README.md',
npm ERR!   parent: 'vuejs_test'
npm ERR! }
npm ERR!
npm ERR! The operation was rejected by your operating system.
npm ERR! It's possible that the file was already in use (by a text editor or antivirus),
npm ERR! or that you lack permissions to access it.
npm ERR!
npm ERR! If you believe this might be a permissions issue, please double-check the
npm ERR! permissions of the file and its containing directories, or try running
npm ERR! the command again as root/Administrator.

npm ERR! A complete log of this run can be found in:
npm ERR!     C:\Users\Rohto\AppData\Roaming\npm-cache\_logs\2020-04-24T05_11_31_494Z-debug.log
 ERROR  command failed: npm install --loglevel error